talktile_06/app/build/intermediates/manifest_merge_blame_file/debug/processDebugMainManifest/manifest-merger-blame-debug-report.txt
1<?xml version="1.0" encoding="utf-8"?>
2<manifest xmlns:android="http://schemas.android.com/apk/res/android"
3    package="com.example.talktile_06"
4    android:versionCode="1"
5    android:versionName="1.0" >
6
7    <uses-sdk
8        android:minSdkVersion="24"
9        android:targetSdkVersion="36" />
10
11    <uses-permission android:name="android.permission.RECORD_AUDIO" />
11-->src/main/AndroidManifest.xml:4:5-71
11-->src/main/AndroidManifest.xml:4:22-68
12
13    <permission
13-->[androidx.core:core:1.17.0] AndroidManifest.xml:22:5-24:47
14        android:name="com.example.talktile_06.DYNAMIC_RECEIVER_NOT_EXPORTED_PERMISSION"
14-->[androidx.core:core:1.17.0] AndroidManifest.xml:23:9-81
15        android:protectionLevel="signature" />
15-->[androidx.core:core:1.17.0] AndroidManifest.xml:24:9-44
16
17    <uses-permission android:name="com.example.talktile_06.DYNAMIC_RECEIVER_NOT_EXPORTED_PERMISSION" />
17-->[androidx.core:core:1.17.0] AndroidManifest.xml:26:5-97
17-->[androidx.core:core:1.17.0] AndroidManifest.xml:26:22-94
18
19    <application
19-->src/main/AndroidManifest.xml:7:5-28:19
20        android:name="com.example.talktile_06.App"
20-->src/main/AndroidManifest.xml:8:9-28
21        android:allowBackup="true"
21-->src/main/AndroidManifest.xml:9:9-35
22        android:appComponentFactory="androidx.core.app.CoreComponentFactory"
22-->[androidx.core:core:1.17.0] AndroidManifest.xml:28:18-86
23        android:dataExtractionRules="@xml/data_extraction_rules"
23-->src/main/AndroidManifest.xml:10:9-65
24        android:debuggable="true"
25        android:extractNativeLibs="false"
26        android:fullBackupContent="@xml/backup_rules"
26-->src/main/AndroidManifest.xml:11:9-54
27        android:icon="@mipmap/ic_launcher"
27-->src/main/AndroidManifest.xml:12:9-43
28        android:label="@string/app_name"
28-->src/main/AndroidManifest.xml:13:9-41
29        android:roundIcon="@mipmap/ic_launcher_round"
29-->src/main/AndroidManifest.xml:14:9-54
30        android:supportsRtl="true"
30-->src/main/AndroidManifest.xml:15:9-35
31        android:testOnly="true"
32        android:theme="@style/Theme.Talktile_06" >
32-->src/main/AndroidManifest.xml:16:9-49
33        <activity
33-->src/main/AndroidManifest.xml:17:9-27:20
34            android:name="com.example.talktile_06.MainActivity"
34-->src/main/AndroidManifest.xml:18:13-41
35            android:exported="true"
35-->src/main/AndroidManifest.xml:19:13-36
36            android:label="@string/app_name"
36-->src/main/AndroidManifest.xml:20:13-45
37            android:theme="@style/Theme.Talktile_06" >
37-->src/main/AndroidManifest.xml:21:13-53
38            <intent-filter>
38-->src/main/AndroidManifest.xml:22:13-26:29
39                <action android:name="android.intent.action.MAIN" />
39-->src/main/AndroidManifest.xml:23:17-69
39-->src/main/AndroidManifest.xml:23:25-66
40
41                <category android:name="android.intent.category.LAUNCHER" />
41-->src/main/AndroidManifest.xml:25:17-77
41-->src/main/AndroidManifest.xml:25:27-74
42            </intent-filter>
43        </activity>
44
45        <service
45-->[androidx.room:room-runtime:2.6.1] AndroidManifest.xml:24:9-28:63
46            android:name="androidx.room.MultiInstanceInvalidationService"
46-->[androidx.room:room-runtime:2.6.1] AndroidManifest.xml:25:13-74
47            android:directBootAware="true"
47-->[androidx.room:room-runtime:2.6.1] AndroidManifest.xml:26:13-43
48            android:exported="false" />
48-->[androidx.room:room-runtime:2.6.1] AndroidManifest.xml:27:13-37
49
50        <activity
50-->[androidx.compose.ui:ui-tooling-android:1.9.2] AndroidManifest.xml:23:9-25:39
51            android:name="androidx.compose.ui.tooling.PreviewActivity"
51-->[androidx.compose.ui:ui-tooling-android:1.9.2] AndroidManifest.xml:24:13-71
52            android:exported="true" />
52-->[androidx.compose.ui:ui-tooling-android:1.9.2] AndroidManifest.xml:25:13-36
53        <activity
53-->[androidx.compose.ui:ui-test-manifest:1.9.2] AndroidManifest.xml:23:9-26:79
54            android:name="androidx.activity.ComponentActivity"
54-->[androidx.compose.ui:ui-test-manifest:1.9.2] AndroidManifest.xml:24:13-63
55            android:exported="true"
55-->[androidx.compose.ui:ui-test-manifest:1.9.2] AndroidManifest.xml:25:13-36
56            android:theme="@android:style/Theme.Material.Light.NoActionBar" />
56-->[androidx.compose.ui:ui-test-manifest:1.9.2] AndroidManifest.xml:26:13-76
57
58        <provider
58-->[androidx.emoji2:emoji2:1.4.0] AndroidManifest.xml:24:9-32:20
59            android:name="androidx.startup.InitializationProvider"
59-->[androidx.emoji2:emoji2:1.4.0] AndroidManifest.xml:25:13-67
60            android:authorities="com.example.talktile_06.androidx-startup"
60-->[androidx.emoji2:emoji2:1.4.0] AndroidManifest.xml:26:13-68
61            android:exported="false" >
61-->[androidx.emoji2:emoji2:1.4.0] AndroidManifest.xml:27:13-37
62            <meta-data
62-->[androidx.emoji2:emoji2:1.4.0] AndroidManifest.xml:29:13-31:52
63                android:name="androidx.emoji2.text.EmojiCompatInitializer"
63-->[androidx.emoji2:emoji2:1.4.0] AndroidManifest.xml:30:17-75
64                android:value="androidx.startup" />
64-->[androidx.emoji2:emoji2:1.4.0] AndroidManifest.xml:31:17-49
65            <meta-data
65-->[androidx.lifecycle:lifecycle-process:2.10.0] AndroidManifest.xml:29:13-31:52
66                android:name="androidx.lifecycle.ProcessLifecycleInitializer"
66-->[androidx.lifecycle:lifecycle-process:2.10.0] AndroidManifest.xml:30:17-78
67                android:value="androidx.startup" />
67-->[androidx.lifecycle:lifecycle-process:2.10.0] AndroidManifest.xml:31:17-49
68            <meta-data
68-->[androidx.profileinstaller:profileinstaller:1.4.0] AndroidManifest.xml:29:13-31:52
69                android:name="androidx.profileinstaller.ProfileInstallerInitializer"
69-->[androidx.profileinstaller:profileinstaller:1.4.0] AndroidManifest.xml:30:17-85
70                android:value="androidx.startup" />
70-->[androidx.profileinstaller:profileinstaller:1.4.0] AndroidManifest.xml:31:17-49
71        </provider>
72
73        <receiver
73-->[androidx.profileinstaller:profileinstaller:1.4.0] AndroidManifest.xml:34:9-52:20
74            android:name="androidx.profileinstaller.ProfileInstallReceiver"
74-->[androidx.profileinstaller:profileinstaller:1.4.0] AndroidManifest.xml:35:13-76
75            android:directBootAware="false"
75-->[androidx.profileinstaller:profileinstaller:1.4.0] AndroidManifest.xml:36:13-44
76            android:enabled="true"
76-->[androidx.profileinstaller:profileinstaller:1.4.0] AndroidManifest.xml:37:13-35
77            android:exported="true"
77-->[androidx.profileinstaller:profileinstaller:1.4.0] AndroidManifest.xml:38:13-36
78            android:permission="android.permission.DUMP" >
78-->[androidx.profileinstaller:profileinstaller:1.4.0] AndroidManifest.xml:39:13-57
79            <intent-filter>
79-->[androidx.profileinstaller:profileinstaller:1.4.0] AndroidManifest.xml:40:13-42:29
80                <action android:name="androidx.profileinstaller.action.INSTALL_PROFILE" />
80-->[androidx.profileinstaller:profileinstaller:1.4.0] AndroidManifest.xml:41:17-91
80-->[androidx.profileinstaller:profileinstaller:1.4.0] AndroidManifest.xml:41:25-88
81            </intent-filter>
82            <intent-filter>
82-->[androidx.profileinstaller:profileinstaller:1.4.0] AndroidManifest.xml:43:13-45:29
83                <action android:name="androidx.profileinstaller.action.SKIP_FILE" />
83-->[androidx.profileinstaller:profileinstaller:1.4.0] AndroidManifest.xml:44:17-85
83-->[androidx.profileinstaller:profileinstaller:1.4.0] AndroidManifest.xml:44:25-82
84            </intent-filter>
85            <intent-filter>
85-->[androidx.profileinstaller:profileinstaller:1.4.0] AndroidManifest.xml:46:13-48:29
86                <action android:name="androidx.profileinstaller.action.SAVE_PROFILE" />
86-->[androidx.profileinstaller:profileinstaller:1.4.0] AndroidManifest.xml:47:17-88
86-->[androidx.profileinstaller:profileinstaller:1.4.0] AndroidManifest.xml:47:25-85
87            </intent-filter>
88            <intent-filter>
88-->[androidx.profileinstaller:profileinstaller:1.4.0] AndroidManifest.xml:49:13-51:29
89                <action android:name="androidx.profileinstaller.action.BENCHMARK_OPERATION" />
89-->[androidx.profileinstaller:profileinstaller:1.4.0] AndroidManifest.xml:50:17-95
89-->[androidx.profileinstaller:profileinstaller:1.4.0] AndroidManifest.xml:50:25-92
90            </intent-filter>
91        </receiver>
92
93        <meta-data
93-->[com.google.android.gms:play-services-basement:16.0.1] AndroidManifest.xml:23:9-25:69
94            android:name="com.google.android.gms.version"
94-->[com.google.android.gms:play-services-basement:16.0.1] AndroidManifest.xml:24:13-58
95            android:value="@integer/google_play_services_version" />
95-->[com.google.android.gms:play-services-basement:16.0.1] AndroidManifest.xml:25:13-66
96    </application>
97
98</manifest>